Watching for file changes with StatReloader
Watching for file changes with StatReloader
Watching for file changes with StatReloader
Watching for file changes with StatReloader
Not Found: /api/scoreboard/
"GET /api/scoreboard/ HTTP/1.1" 404 2123
Not Found: /api/scoreboard/
"GET /api/scoreboard/ HTTP/1.1" 404 2123
Not Found: /api/board/
"OPTIONS /api/board/ HTTP/1.1" 404 2112
Not Found: /api/board/
"OPTIONS /api/board/ HTTP/1.1" 404 2112
Not Found: /api/scoreboard/
"GET /api/scoreboard/ HTTP/1.1" 404 2123
Watching for file changes with StatReloader
"OPTIONS /api/board/ HTTP/1.1" 200 172
"OPTIONS /api/scoreboard/ HTTP/1.1" 200 177
"GET /api/scoreboard/ HTTP/1.1" 200 2
"OPTIONS /api/board/ HTTP/1.1" 200 172
"OPTIONS /api/board/ HTTP/1.1" 200 172
"GET /api/scoreboard/ HTTP/1.1" 200 2
"OPTIONS /api/board/ HTTP/1.1" 200 172
Method Not Allowed: /api/board/
"GET /api/board/ HTTP/1.1" 405 40
"OPTIONS /api/board/ HTTP/1.1" 200 172
Bad Request: /api/board/
"POST /api/board/ HTTP/1.1" 400 77
"OPTIONS /api/board/ HTTP/1.1" 200 172
"GET /api/scoreboard/ HTTP/1.1" 200 2
"OPTIONS /api/board/ HTTP/1.1" 200 172
Bad Request: /api/board/
"POST /api/board/ HTTP/1.1" 400 77
Watching for file changes with StatReloader
Bad Request: /api/board/
"POST /api/board/ HTTP/1.1" 400 75
Watching for file changes with StatReloader
"POST /api/board/ HTTP/1.1" 200 43
"POST /api/board/ HTTP/1.1" 200 42
"OPTIONS /api/scoreboard/ HTTP/1.1" 200 177
"GET /api/scoreboard/ HTTP/1.1" 200 2
"GET /api/scoreboard/ HTTP/1.1" 200 2
"POST /api/board/ HTTP/1.1" 200 44
"POST /api/board/ HTTP/1.1" 200 43
"OPTIONS /api/scoreboard/ HTTP/1.1" 200 177
"GET /api/scoreboard/ HTTP/1.1" 200 2
"POST /api/board/ HTTP/1.1" 200 44
"POST /api/board/ HTTP/1.1" 200 43
"POST /api/board/ HTTP/1.1" 200 42
"POST /api/board/ HTTP/1.1" 200 41
"OPTIONS /api/scoreboard/ HTTP/1.1" 200 177
/Users/khaled/PycharmProjects/tictactoe/backend/tictactoe/views.py changed, reloading.
Watching for file changes with StatReloader
/Users/khaled/PycharmProjects/tictactoe/backend/tictactoe/views.py changed, reloading.
Watching for file changes with StatReloader
"POST /api/board/ HTTP/1.1" 200 44
"POST /api/board/ HTTP/1.1" 200 43
"OPTIONS /api/scoreboard/ HTTP/1.1" 200 177
"POST /api/board/ HTTP/1.1" 200 44
"POST /api/board/ HTTP/1.1" 200 43
Watching for file changes with StatReloader
Watching for file changes with StatReloader
"OPTIONS /api/scoreboard/ HTTP/1.1" 200 0
"POST /api/scoreboard/ HTTP/1.1" 201 18
"POST /api/board/ HTTP/1.1" 200 43
"POST /api/board/ HTTP/1.1" 200 44
"POST /api/board/ HTTP/1.1" 200 42
/Users/khaled/PycharmProjects/tictactoe/backend/backend/settings.py changed, reloading.
Watching for file changes with StatReloader
"POST /api/board/ HTTP/1.1" 200 40
"POST /api/board/ HTTP/1.1" 200 39
"POST /api/scoreboard/ HTTP/1.1" 200 23
"GET /api/scoreboard/ HTTP/1.1" 200 33
"OPTIONS /api/board/ HTTP/1.1" 200 172
"OPTIONS /api/board/ HTTP/1.1" 200 172
